<?xml version="1.0" encoding="UTF-8"?>
<testsuite xmlns:xsi="http://www.w3.org/2001/XMLSchema-instance" xsi:noNamespaceSchemaLocation="https://maven.apache.org/surefire/maven-surefire-plugin/xsd/surefire-test-report-3.0.xsd" version="3.0" name="com.nocountry.powerfit.PowerfitApplicationTests" time="7.072" tests="1" errors="0" skipped="0" failures="0">
  <properties>
[...]
</properties>
  <testcase name="contextLoads" classname="com.nocountry.powerfit.PowerfitApplicationTests" time="0.157">
    <system-out><![CDATA[23:24:31.702 [main] DEBUG org.springframework.test.context.BootstrapUtils - Instantiating CacheAwareContextLoaderDelegate from class [org.springframework.test.context.cache.DefaultCacheAwareContextLoaderDelegate]
23:24:31.711 [main] DEBUG org.springframework.test.context.BootstrapUtils - Instantiating BootstrapContext using constructor [public org.springframework.test.context.support.DefaultBootstrapContext(java.lang.Class,org.springframework.test.context.CacheAwareContextLoaderDelegate)]
23:24:31.739 [main] DEBUG org.springframework.test.context.BootstrapUtils - Instantiating TestContextBootstrapper for test class [com.nocountry.powerfit.PowerfitApplicationTests] from class [org.springframework.boot.test.context.SpringBootTestContextBootstrapper]
23:24:31.749 [main] INFO org.springframework.boot.test.context.SpringBootTestContextBootstrapper - Neither @ContextConfiguration nor @ContextHierarchy found for test class [com.nocountry.powerfit.PowerfitApplicationTests], using SpringBootContextLoader
23:24:31.754 [main] DEBUG org.springframework.test.context.support.AbstractContextLoader - Did not detect default resource location for test class [com.nocountry.powerfit.PowerfitApplicationTests]: class path resource [com/nocountry/powerfit/PowerfitApplicationTests-context.xml] does not exist
23:24:31.754 [main] DEBUG org.springframework.test.context.support.AbstractContextLoader - Did not detect default resource location for test class [com.nocountry.powerfit.PowerfitApplicationTests]: class path resource [com/nocountry/powerfit/PowerfitApplicationTestsContext.groovy] does not exist
23:24:31.754 [main] INFO org.springframework.test.context.support.AbstractContextLoader - Could not detect default resource locations for test class [com.nocountry.powerfit.PowerfitApplicationTests]: no resource found for suffixes {-context.xml, Context.groovy}.
23:24:31.755 [main] INFO org.springframework.test.context.support.AnnotationConfigContextLoaderUtils - Could not detect default configuration classes for test class [com.nocountry.powerfit.PowerfitApplicationTests]: PowerfitApplicationTests does not declare any static, non-private, non-final, nested classes annotated with @Configuration.
23:24:31.801 [main] DEBUG org.springframework.test.context.support.ActiveProfilesUtils - Could not find an 'annotation declaring class' for annotation type [org.springframework.test.context.ActiveProfiles] and class [com.nocountry.powerfit.PowerfitApplicationTests]
23:24:31.854 [main] DEBUG org.springframework.context.annotation.ClassPathScanningCandidateComponentProvider - Identified candidate component class: file [D:\NoCountry-fullStack\C12-09-ft-nuevo\C12-09-FT-Java-Angular\back-end\powerfit\target\classes\com\nocountry\powerfit\PowerfitApplication.class]
23:24:31.855 [main] INFO org.springframework.boot.test.context.SpringBootTestContextBootstrapper - Found @SpringBootConfiguration com.nocountry.powerfit.PowerfitApplication for test class com.nocountry.powerfit.PowerfitApplicationTests
23:24:31.964 [main] DEBUG org.springframework.boot.test.context.SpringBootTestContextBootstrapper - @TestExecutionListeners is not present for class [com.nocountry.powerfit.PowerfitApplicationTests]: using defaults.
23:24:31.964 [main] INFO org.springframework.boot.test.context.SpringBootTestContextBootstrapper - Loaded default TestExecutionListener class names from location [META-INF/spring.factories]: [org.springframework.security.test.context.support.WithSecurityContextTestExecutionListener, org.springframework.security.test.context.support.ReactorContextTestExecutionListener, org.springframework.test.context.web.ServletTestExecutionListener, org.springframework.test.context.support.DirtiesContextBeforeModesTestExecutionListener, org.springframework.test.context.event.ApplicationEventsTestExecutionListener, org.springframework.test.context.support.DependencyInjectionTestExecutionListener, org.springframework.test.context.support.DirtiesContextTestExecutionListener, org.springframework.test.context.transaction.TransactionalTestExecutionListener, org.springframework.test.context.jdbc.SqlScriptsTestExecutionListener, org.springframework.test.context.event.EventPublishingTestExecutionListener, org.springframework.boot.test.mock.mockito.MockitoTestExecutionListener, org.springframework.boot.test.mock.mockito.ResetMocksTestExecutionListener, org.springframework.boot.test.autoconfigure.restdocs.RestDocsTestExecutionListener, org.springframework.boot.test.autoconfigure.web.client.MockRestServiceServerResetTestExecutionListener, org.springframework.boot.test.autoconfigure.web.servlet.MockMvcPrintOnlyOnFailureTestExecutionListener, org.springframework.boot.test.autoconfigure.web.servlet.WebDriverTestExecutionListener, org.springframework.boot.test.autoconfigure.webservices.client.MockWebServiceServerTestExecutionListener]
23:24:31.982 [main] INFO org.springframework.boot.test.context.SpringBootTestContextBootstrapper - Using TestExecutionListeners: [org.springframework.test.context.web.ServletTestExecutionListener@4b9df8a, org.springframework.test.context.support.DirtiesContextBeforeModesTestExecutionListener@5e8ac0e1, org.springframework.test.context.event.ApplicationEventsTestExecutionListener@aafcffa, org.springframework.boot.test.mock.mockito.MockitoTestExecutionListener@6955cb39, org.springframework.boot.test.autoconfigure.SpringBootDependencyInjectionTestExecutionListener@235a0c16, org.springframework.test.context.support.DirtiesContextTestExecutionListener@2b5f4d54, org.springframework.test.context.transaction.TransactionalTestExecutionListener@5f7b97da, org.springframework.test.context.jdbc.SqlScriptsTestExecutionListener@18b0930f, org.springframework.security.test.context.support.WithSecurityContextTestExecutionListener@6b7906b3, org.springframework.test.context.event.EventPublishingTestExecutionListener@3a1dd365, org.springframework.security.test.context.support.ReactorContextTestExecutionListener@395b56bb, org.springframework.boot.test.mock.mockito.ResetMocksTestExecutionListener@256f8274, org.springframework.boot.test.autoconfigure.restdocs.RestDocsTestExecutionListener@68044f4, org.springframework.boot.test.autoconfigure.web.client.MockRestServiceServerResetTestExecutionListener@52d239ba, org.springframework.boot.test.autoconfigure.web.servlet.MockMvcPrintOnlyOnFailureTestExecutionListener@315f43d5, org.springframework.boot.test.autoconfigure.web.servlet.WebDriverTestExecutionListener@68fa0ba8, org.springframework.boot.test.autoconfigure.webservices.client.MockWebServiceServerTestExecutionListener@6c5945a7]
23:24:31.986 [main] DEBUG org.springframework.test.context.support.AbstractDirtiesContextTestExecutionListener - Before test class: context [DefaultTestContext@3f390d63 testClass = PowerfitApplicationTests, testInstance = [null], testMethod = [null], testException = [null], mergedContextConfiguration = [WebMergedContextConfiguration@74a6a609 testClass = PowerfitApplicationTests, locations = '{}', classes = '{class com.nocountry.powerfit.PowerfitApplication}', contextInitializerClasses = '[]', activeProfiles = '{}', propertySourceLocations = '{}', propertySourceProperties = '{org.springframework.boot.test.context.SpringBootTestContextBootstrapper=true}', contextCustomizers = set[org.springframework.boot.test.context.filter.ExcludeFilterContextCustomizer@21be3395, org.springframework.boot.test.json.DuplicateJsonObjectContextCustomizerFactory$DuplicateJsonObjectContextCustomizer@4470fbd6, org.springframework.boot.test.mock.mockito.MockitoContextCustomizer@0, org.springframework.boot.test.web.client.TestRestTemplateContextCustomizer@3e2055d6, org.springframework.boot.test.autoconfigure.actuate.metrics.MetricsExportContextCustomizerFactory$DisableMetricExportContextCustomizer@6bb4dd34, org.springframework.boot.test.autoconfigure.properties.PropertyMappingContextCustomizer@0, org.springframework.boot.test.autoconfigure.web.servlet.WebDriverContextCustomizerFactory$Customizer@38af9828, org.springframework.boot.test.context.SpringBootTestArgs@1, org.springframework.boot.test.context.SpringBootTestWebEnvironment@4f638935], resourceBasePath = 'src/main/webapp', contextLoader = 'org.springframework.boot.test.context.SpringBootContextLoader', parent = [null]], attributes = map['org.springframework.test.context.web.ServletTestExecutionListener.activateListener' -> true]], class annotated with @DirtiesContext [false] with mode [null].

  .   ____          _            __ _ _
 /\\ / ___'_ __ _ _(_)_ __  __ _ \ \ \ \
( ( )\___ | '_ | '_| | '_ \/ _` | \ \ \ \
 \\/  ___)| |_)| | | | | || (_| |  ) ) ) )
  '  |____| .__|_| |_|_| |_\__, | / / / /
 =========|_|==============|___/=/_/_/_/
 :: Spring Boot ::               (v2.7.13)

2023-07-31 23:24:32.294  INFO 6148 --- [           main] c.n.powerfit.PowerfitApplicationTests    : Starting PowerfitApplicationTests using Java 17.0.7 on ABEL with PID 6148 (started by abel_ in D:\NoCountry-fullStack\C12-09-ft-nuevo\C12-09-FT-Java-Angular\back-end\powerfit)
2023-07-31 23:24:32.297  INFO 6148 --- [           main] c.n.powerfit.PowerfitApplicationTests    : No active profile set, falling back to 1 default profile: "default"
2023-07-31 23:24:33.308  INFO 6148 --- [           main] .s.d.r.c.RepositoryConfigurationDelegate : Bootstrapping Spring Data JPA repositories in DEFAULT mode.
2023-07-31 23:24:33.384  INFO 6148 --- [           main] .s.d.r.c.RepositoryConfigurationDelegate : Finished Spring Data repository scanning in 66 ms. Found 5 JPA repository interfaces.
2023-07-31 23:24:33.989  INFO 6148 --- [           main] o.hibernate.jpa.internal.util.LogHelper  : HHH000204: Processing PersistenceUnitInfo [name: default]
2023-07-31 23:24:34.062  INFO 6148 --- [           main] org.hibernate.Version                    : HHH000412: Hibernate ORM core version 5.6.15.Final
2023-07-31 23:24:34.231  INFO 6148 --- [           main] o.hibernate.annotations.common.Version   : HCANN000001: Hibernate Commons Annotations {5.1.2.Final}
2023-07-31 23:24:34.424  INFO 6148 --- [           main] com.zaxxer.hikari.HikariDataSource       : HikariPool-1 - Starting...
2023-07-31 23:24:34.807  INFO 6148 --- [           main] com.zaxxer.hikari.HikariDataSource       : HikariPool-1 - Start completed.
2023-07-31 23:24:34.835  INFO 6148 --- [           main] org.hibernate.dialect.Dialect            : HHH000400: Using dialect: org.hibernate.dialect.MySQL8Dialect
2023-07-31 23:24:35.639  INFO 6148 --- [           main] o.h.e.t.j.p.i.JtaPlatformInitiator       : HHH000490: Using JtaPlatform implementation: [org.hibernate.engine.transaction.jta.platform.internal.NoJtaPlatform]
2023-07-31 23:24:35.647  INFO 6148 --- [           main] j.LocalContainerEntityManagerFactoryBean : Initialized JPA EntityManagerFactory for persistence unit 'default'
2023-07-31 23:24:37.552  INFO 6148 --- [           main] o.s.s.web.DefaultSecurityFilterChain     : Will secure any request with [org.springframework.security.web.session.DisableEncodeUrlFilter@63d8590c, org.springframework.security.web.context.request.async.WebAsyncManagerIntegrationFilter@117bfeb8, org.springframework.security.web.context.SecurityContextPersistenceFilter@2f4c83f1, org.springframework.security.web.header.HeaderWriterFilter@6ed2aa8a, org.springframework.security.web.authentication.logout.LogoutFilter@5e8633da, com.nocountry.powerfit.config.JwtAuthenticationFilter@2148849f, org.springframework.security.web.savedrequest.RequestCacheAwareFilter@59eff566, org.springframework.security.web.servletapi.SecurityContextHolderAwareRequestFilter@1277a6a1, org.springframework.security.web.authentication.AnonymousAuthenticationFilter@4781bb01, org.springframework.security.web.session.SessionManagementFilter@5623fd90, org.springframework.security.web.access.ExceptionTranslationFilter@626e5554, org.springframework.security.web.access.intercept.FilterSecurityInterceptor@466c39de]
2023-07-31 23:24:38.539  INFO 6148 --- [           main] c.n.powerfit.PowerfitApplicationTests    : Started PowerfitApplicationTests in 6.518 seconds (JVM running for 7.412)
]]></system-out>
  </testcase>
</testsuite>